<?xml version="1.0" encoding="UTF-8"?>
<!-- Generated by org.testng.reporters.JUnitReportReporter -->
<testsuite hostname="Mds-MacBook-Pro.local" failures="0" tests="3" name="xampp_database.College" time="0.436" errors="0" timestamp="2024-09-13T00:07:27 EDT" skipped="0">
  <testcase classname="xampp_database.College" name="testDB1" time="0.390"/>
  <system-out/>
  <testcase classname="xampp_database.College" name="testDB2" time="0.014"/>
  <system-out/>
  <testcase classname="xampp_database.College" name="testDB3" time="0.032"/>
  <system-out/>
</testsuite> <!-- xampp_database.College -->
