<?xml version="1.0" encoding="UTF-8"?>
<!-- Generated by org.testng.reporters.JUnitReportReporter -->
<testsuite hostname="Mds-MacBook-Pro.local" failures="0" tests="1" name="xampp_database.ConnectMyXampp" time="0.314" errors="0" timestamp="2024-09-12T23:02:36 EDT" skipped="0">
  <testcase classname="xampp_database.ConnectMyXampp" name="testDB" time="0.314"/>
  <system-out/>
</testsuite> <!-- xampp_database.ConnectMyXampp -->
