<?xml version="1.0" encoding="UTF-8"?>
<!-- Generated by org.testng.reporters.JUnitReportReporter -->
<testsuite hostname="Mds-MacBook-Pro.local" failures="0" tests="2" name="xampp_database.Study_Tour" time="0.432" errors="0" timestamp="2024-09-12T23:01:16 EDT" skipped="0">
  <testcase classname="xampp_database.Study_Tour" name="testNiagaraFalls" time="0.412"/>
  <system-out/>
  <testcase classname="xampp_database.Study_Tour" name="testMountWashington" time="0.020"/>
  <system-out/>
</testsuite> <!-- xampp_database.Study_Tour -->
